<?xml version="1.0" encoding="UTF-8"?>
<!-- Generated by org.testng.reporters.JUnitReportReporter -->
<testsuite skipped="0" hostname="SZDJZBDT0105" name="com.dje.tests.DeleteApiTest" tests="1" failures="0" timestamp="22 一月 2019 01:33:21 GMT" time="1.622" errors="0">
  <testcase name="testDelete" time="1.622" classname="com.dje.tests.DeleteApiTest"/>
</testsuite> <!-- com.dje.tests.DeleteApiTest -->
