<?xml version="1.0" encoding="UTF-8"?>
<!-- Generated by org.testng.reporters.JUnitReportReporter -->
<testsuite skipped="0" hostname="SZDJZBDT0105" name="com.dje.tests.PostApiTest" tests="1" failures="0" timestamp="22 一月 2019 01:21:13 GMT" time="1.806" errors="0">
  <testcase name="postApiTest" time="1.806" classname="com.dje.tests.PostApiTest"/>
</testsuite> <!-- com.dje.tests.PostApiTest -->
