<?xml version="1.0" encoding="UTF-8"?>
<!-- Generated by org.testng.reporters.JUnitReportReporter -->
<testsuite skipped="0" hostname="SZDJZBDT0105" name="com.dje.tests.GetApiTest" tests="1" failures="0" timestamp="21 一月 2019 09:00:16 GMT" time="2.254" errors="0">
  <testcase name="getAPITest" time="2.254" classname="com.dje.tests.GetApiTest"/>
</testsuite> <!-- com.dje.tests.GetApiTest -->
