<?xml version="1.0" encoding="UTF-8"?>
<!-- Generated by org.testng.reporters.JUnitReportReporter -->
<testsuite skipped="0" hostname="SZDJZBDT0105" name="com.dje.tests.GetApiTest_log_optimize" tests="1" failures="0" timestamp="22 一月 2019 02:58:35 GMT" time="1.760" errors="0">
  <testcase name="testGet" time="1.760" classname="com.dje.tests.GetApiTest_log_optimize"/>
</testsuite> <!-- com.dje.tests.GetApiTest_log_optimize -->
