<?xml version="1.0" encoding="UTF-8"?>
<!-- Generated by org.testng.reporters.JUnitReportReporter -->
<testsuite skipped="0" hostname="SZDJZBDT0105" name="com.dje.tests.PutApiTest" tests="1" failures="0" timestamp="22 一月 2019 01:21:50 GMT" time="1.276" errors="0">
  <testcase name="testPut" time="1.276" classname="com.dje.tests.PutApiTest"/>
</testsuite> <!-- com.dje.tests.PutApiTest -->
