<?xml version="1.0" encoding="UTF-8"?>
<!-- Generated by org.testng.reporters.JUnitReportReporter -->
<testsuite skipped="0" hostname="SZDJZBDT0105" name="com.dje.tests.TestCase2" tests="3" failures="0" timestamp="23 Jan 2019 11:42:19 GMT" time="3.910" errors="0">
  <testcase name="getApi" time="0.737" classname="com.dje.tests.TestCase2"/>
  <testcase name="deleteApi" time="0.693" classname="com.dje.tests.TestCase2"/>
  <testcase name="login" time="2.480" classname="com.dje.tests.TestCase2"/>
</testsuite> <!-- com.dje.tests.TestCase2 -->
