<?xml version="1.0" encoding="UTF-8"?>
<!-- Generated by org.testng.reporters.JUnitReportReporter -->
<testsuite skipped="0" hostname="SZDJZBDT0105" name="com.dje.tests.TestCase1" tests="1" failures="0" timestamp="23 一月 2019 07:08:25 GMT" time="1.977" errors="0">
  <testcase name="login" time="1.977" classname="com.dje.tests.TestCase1"/>
</testsuite> <!-- com.dje.tests.TestCase1 -->
