<?xml version="1.0" encoding="UTF-8"?>
<!-- Generated by org.testng.reporters.JUnitReportReporter -->
<testsuite skipped="0" hostname="SZDJZBDT0105" name="com.dje.tests.EFPStagingCN" tests="3" failures="0" timestamp="23 一月 2019 09:09:46 GMT" time="2.800" errors="0">
  <testcase name="deleteMethod" time="0.698" classname="com.dje.tests.EFPStagingCN"/>
  <testcase name="login" time="1.408" classname="com.dje.tests.EFPStagingCN"/>
  <testcase name="getMethod" time="0.694" classname="com.dje.tests.EFPStagingCN"/>
</testsuite> <!-- com.dje.tests.EFPStagingCN -->
